
Image Name                     PID Session Name        Session#    Mem Usage
========================= ======== ================ =========== ============
System Idle Process              0 Services                   0          8 K
System                           4 Services                   0        592 K
Secure System                  140 Services                   0     48,636 K
Registry                       208 Services                   0     48,052 K
smss.exe                       744 Services                   0      1,088 K
csrss.exe                     1036 Services                   0      5,148 K
wininit.exe                   1144 Services                   0      6,016 K
csrss.exe                     1168 Console                    1      6,368 K
services.exe                  1220 Services                   0     11,160 K
LsaIso.exe                    1228 Services                   0      3,216 K
lsass.exe                     1264 Services                   0     29,052 K
winlogon.exe                  1328 Console                    1     11,304 K
svchost.exe                   1452 Services                   0     32,996 K
fontdrvhost.exe               1472 Services                   0      2,680 K
fontdrvhost.exe               1480 Console                    1     11,812 K
svchost.exe                   1584 Services                   0     19,272 K
svchost.exe                   1632 Services                   0     10,460 K
WUDFHost.exe                  1652 Services                   0     18,052 K
svchost.exe                   1748 Services                   0      5,164 K
svchost.exe                   1756 Services                   0      4,992 K
svchost.exe                   1800 Services                   0     10,512 K
svchost.exe                   1808 Services                   0      9,728 K
svchost.exe                   1864 Services                   0      9,092 K
svchost.exe                   1912 Services                   0      5,840 K
svchost.exe                   1960 Services                   0     12,932 K
WUDFHost.exe                  1992 Services                   0      6,020 K
svchost.exe                   1136 Services                   0     19,540 K
dwm.exe                       2052 Console                    1    123,516 K
svchost.exe                   2248 Services                   0     17,356 K
svchost.exe                   2336 Services                   0     10,264 K
svchost.exe                   2344 Services                   0      9,776 K
svchost.exe                   2440 Services                   0      6,308 K
svchost.exe                   2472 Services                   0     13,652 K
svchost.exe                   2632 Services                   0     12,576 K
svchost.exe                   2720 Services                   0      8,924 K
svchost.exe                   2812 Services                   0     12,488 K
svchost.exe                   2928 Services                   0      7,972 K
svchost.exe                   2988 Services                   0      7,112 K
svchost.exe                   3024 Services                   0      6,476 K
svchost.exe                   2704 Services                   0     23,680 K
svchost.exe                   3088 Services                   0     32,708 K
svchost.exe                   3116 Services                   0     21,832 K
vmms.exe                      3168 Services                   0     22,324 K
NVDisplay.Container.exe       3200 Services                   0     32,164 K
svchost.exe                   3256 Services                   0     21,672 K
svchost.exe                   3264 Services                   0      8,004 K
svchost.exe                   3316 Services                   0      5,808 K
svchost.exe                   3324 Services                   0     12,056 K
svchost.exe                   3380 Services                   0      9,788 K
svchost.exe                   3396 Services                   0      9,432 K
Memory Compression            3440 Services                   0    245,732 K
svchost.exe                   3496 Services                   0      9,044 K
svchost.exe                   3504 Services                   0      7,256 K
NVDisplay.Container.exe       3808 Console                    1     49,716 K
svchost.exe                   3956 Services                   0     15,684 K
svchost.exe                   3984 Services                   0      7,048 K
svchost.exe                   4180 Services                   0      6,716 K
svchost.exe                   4188 Services                   0     10,376 K
svchost.exe                   4360 Services                   0     22,684 K
svchost.exe                   4424 Services                   0     12,168 K
wlanext.exe                   4652 Services                   0      6,268 K
spoolsv.exe                   4712 Services                   0     16,564 K
conhost.exe                   4768 Services                   0      4,924 K
svchost.exe                   4860 Services                   0      8,044 K
svchost.exe                   4944 Services                   0      5,956 K
DbxSvc.exe                    4960 Services                   0      7,600 K
DAX3API.exe                   4968 Services                   0     22,104 K
FMService64.exe               4976 Services                   0      7,520 K
svchost.exe                   4984 Services                   0     21,720 K
OfficeClickToRun.exe          4992 Services                   0     34,708 K
svchost.exe                   5000 Services                   0     42,176 K
svchost.exe                   5012 Services                   0      8,460 K
svchost.exe                   5020 Services                   0     55,636 K
armsvc.exe                    5028 Services                   0      6,864 K
Lenovo.Modern.ImControlle     5044 Services                   0     57,812 K
svchost.exe                   5064 Services                   0      8,804 K
svchost.exe                   5092 Services                   0     11,432 K
IpOverUsbSvc.exe              5108 Services                   0     14,200 K
esif_uf.exe                   3244 Services                   0      6,324 K
LenovoVantageService.exe      4876 Services                   0     85,272 K
servicehost.exe               5328 Services                   0     36,344 K
MpDefenderCoreService.exe     5340 Services                   0     19,672 K
nvcontainer.exe               5352 Services                   0     35,408 K
LMS.exe                       5360 Services                   0     10,868 K
pg_ctl.exe                    5428 Services                   0      6,228 K
rsClientSvc.exe               5460 Services                   0     12,208 K
rsDNSClientSvc.exe            5472 Services                   0     12,232 K
rsDNSSvc.exe                  5480 Services                   0     68,328 K
rsEDRSvc.exe                  5492 Services                   0     42,584 K
rsSyncSvc.exe                 5516 Services                   0     13,908 K
RstMwService.exe              5532 Services                   0      7,132 K
rsEngineSvc.exe               5540 Services                   0    142,000 K
rsWSC.exe                     5612 Services                   0     22,828 K
RtkAudUService64.exe          5692 Services                   0      9,972 K
sqlwriter.exe                 5708 Services                   0      8,656 K
ss_conn_service.exe           5724 Services                   0      7,068 K
ss_conn_service2.exe          5732 Services                   0      8,308 K
SafeExamBrowser.Service.e     5760 Services                   0     22,632 K
svchost.exe                   5808 Services                   0     12,760 K
svchost.exe                   5860 Services                   0     19,988 K
WsxService.exe                5868 Services                   0      6,988 K
svchost.exe                   5876 Services                   0      5,836 K
MsMpEng.exe                   5900 Services                   0     37,840 K
wslservice.exe                5968 Services                   0     25,420 K
TeamViewer_Service.exe        6184 Services                   0     17,452 K
jhi_service.exe               6484 Services                   0      5,556 K
svchost.exe                   6644 Services                   0      9,292 K
dasHost.exe                   6336 Services                   0     10,008 K
WmiPrvSE.exe                  7332 Services                   0     15,316 K
WmiPrvSE.exe                  7360 Services                   0     26,464 K
postgres.exe                  7560 Services                   0     16,232 K
conhost.exe                   7632 Services                   0      7,156 K
svchost.exe                   7708 Services                   0     24,060 K
vmcompute.exe                 8172 Services                   0     11,860 K
dasHost.exe                   6156 Services                   0      4,960 K
uihost.exe                    6864 Console                    1     21,372 K
postgres.exe                  8232 Services                   0      8,528 K
postgres.exe                  8380 Services                   0      9,916 K
postgres.exe                  8400 Services                   0      9,896 K
DAX3API.exe                   8420 Console                    1      9,072 K
rundll32.exe                  8804 Console                    1      6,720 K
AggregatorHost.exe            8912 Services                   0     11,060 K
sihost.exe                    9368 Console                    1     35,788 K
svchost.exe                   9420 Console                    1     32,864 K
svchost.exe                   9472 Console                    1      6,112 K
svchost.exe                   9548 Console                    1     37,124 K
taskhostw.exe                 9708 Console                    1     24,068 K
DropboxUpdate.exe             9716 Services                   0      1,236 K
svchost.exe                   9804 Services                   0     20,444 K
nvcontainer.exe              10168 Console                    1     27,300 K
nvcontainer.exe              10220 Console                    1     53,688 K
svchost.exe                   9920 Services                   0      7,576 K
svchost.exe                   9840 Services                   0     18,664 K
explorer.exe                  9912 Console                    1    330,276 K
DSRHost.exe                  10724 Console                    1      5,752 K
svchost.exe                  10876 Console                    1    109,196 K
postgres.exe                 10964 Services                   0     11,092 K
postgres.exe                 10972 Services                   0      9,460 K
postgres.exe                 10988 Services                   0      9,496 K
svchost.exe                  11044 Services                   0     12,152 K
DropboxCrashHandler.exe      10280 Services                   0      1,008 K
StartMenuExperienceHost.e    11648 Console                    1    117,028 K
RuntimeBroker.exe            11756 Console                    1     32,112 K
Widgets.exe                  11788 Console                    1     44,068 K
RuntimeBroker.exe            11944 Console                    1     62,188 K
svchost.exe                  11980 Console                    1     18,920 K
dllhost.exe                  12700 Console                    1     28,672 K
ctfmon.exe                   11448 Console                    1     30,040 K
SearchIndexer.exe            13496 Services                   0     37,024 K
TextInputHost.exe            14092 Console                    1    251,940 K
rsAppUI.exe                  14184 Console                    1     71,996 K
rsAppUI.exe                  12720 Console                    1     64,528 K
rsAppUI.exe                  12696 Console                    1     43,408 K
rsAppUI.exe                   5296 Console                    1     77,068 K
nvsphelper64.exe             13368 Console                    1     12,908 K
NVIDIA Share.exe             14252 Console                    1     51,460 K
LenovoVantage-(VantageCor    14992 Services                   0      6,448 K
NVIDIA Share.exe              4132 Console                    1     30,456 K
NVIDIA Web Helper.exe        11296 Console                    1     45,028 K
conhost.exe                   6844 Console                    1      5,800 K
svchost.exe                  15708 Services                   0      7,996 K
svchost.exe                  15760 Services                   0     15,772 K
LenovoVantage-(LenovoGami    13624 Services                   0     12,860 K
NVIDIA Share.exe             15588 Console                    1     65,016 K
unsecapp.exe                 15840 Services                   0     13,328 K
SecurityHealthSystray.exe    13372 Console                    1     10,304 K
SecurityHealthService.exe    15296 Services                   0     24,140 K
vgtray.exe                    8580 Console                    1      9,668 K
figma_agent.exe               8272 Console                    1     19,876 K
Discord.exe                  16812 Console                    1    100,632 K
rsHelper.exe                 16920 Console                    1     26,424 K
svchost.exe                  17084 Services                   0      9,352 K
rsAppUI.exe                  17092 Console                    1     79,880 K
BlueStacksServices.exe       10384 Console                    1     79,812 K
rsAppUI.exe                  11152 Console                    1     70,684 K
rsAppUI.exe                   5144 Console                    1     44,836 K
rsAppUI.exe                  16868 Console                    1     82,748 K
Discord.exe                  17552 Console                    1     32,256 K
Discord.exe                  17732 Console                    1     54,000 K
Discord.exe                  17772 Console                    1     53,488 K
rsAppUI.exe                  18024 Console                    1     74,540 K
Discord.exe                   9856 Console                    1    221,076 K
BlueStacksServices.exe       17008 Console                    1     63,512 K
Spotify.exe                  18388 Console                    1    116,748 K
Spotify.exe                  18900 Console                    1     14,984 K
Discord.exe                  18988 Console                    1     43,020 K
Spotify.exe                  19196 Console                    1     53,236 K
Spotify.exe                  19208 Console                    1     37,384 K
Spotify.exe                  19348 Console                    1     19,804 K
backgroundTaskHost.exe       18740 Console                    1     11,308 K
RuntimeBroker.exe            19412 Console                    1      7,480 K
Spotify.exe                   8388 Console                    1    223,656 K
svchost.exe                  16368 Console                    1     17,524 K
BlueStacksServices.exe       19824 Console                    1     53,196 K
CrossDeviceService.exe       18932 Console                    1     73,532 K
BlueStacksServices.exe       19736 Console                    1     57,208 K
RuntimeBroker.exe            17936 Console                    1     11,096 K
Dropbox.exe                  19616 Console                    1    210,364 K
Dropbox.exe                   3752 Console                    1      8,972 K
Dropbox.exe                  20060 Console                    1     12,748 K
Dropbox.exe                  20640 Console                    1     67,132 K
Dropbox.exe                  20332 Console                    1     30,680 K
Dropbox.exe                  21196 Console                    1     71,396 K
Dropbox.exe                  11772 Console                    1     39,796 K
Dropbox.exe                   6920 Console                    1     41,712 K
WhatsApp.exe                 12736 Console                    1     25,480 K
backgroundTaskHost.exe        6928 Console                    1      2,064 K
RuntimeBroker.exe            17120 Console                    1     31,032 K
svchost.exe                  17240 Console                    1     21,920 K
PhoneExperienceHost.exe       2020 Console                    1     56,332 K
svchost.exe                   9564 Services                   0     22,052 K
explorer.exe                  5192 Console                    1      5,396 K
svchost.exe                  20532 Services                   0     18,096 K
sqlservr.exe                  2024 Services                   0    130,720 K
sqlservr.exe                 16776 Services                   0    138,080 K
sqlceip.exe                  21888 Services                   0     45,044 K
sqlceip.exe                  21940 Services                   0     44,860 K
svchost.exe                  21988 Services                   0     14,948 K
svchost.exe                  22076 Services                   0      8,136 K
svchost.exe                  22160 Services                   0     10,912 K
chrome.exe                   14864 Console                    1    254,232 K
chrome.exe                   15200 Console                    1      8,624 K
chrome.exe                   22384 Console                    1    165,512 K
chrome.exe                    4720 Console                    1     62,452 K
chrome.exe                   20540 Console                    1     19,512 K
chrome.exe                   10744 Console                    1     67,432 K
chrome.exe                   20632 Console                    1     52,032 K
chrome.exe                   21144 Console                    1    137,192 K
chrome.exe                    8832 Console                    1     57,260 K
chrome.exe                   14964 Console                    1     63,032 K
chrome.exe                   13044 Console                    1     56,012 K
chrome.exe                    3332 Console                    1    538,708 K
ApplicationFrameHost.exe     13964 Console                    1     32,916 K
SystemSettings.exe           14328 Console                    1     47,452 K
svchost.exe                  20764 Services                   0      7,104 K
svchost.exe                   8032 Console                    1      9,536 K
svchost.exe                  22120 Services                   0     11,160 K
svchost.exe                  17948 Services                   0      7,604 K
svchost.exe                  16684 Services                   0     14,160 K
UserOOBEBroker.exe            9208 Console                    1      9,464 K
ShellExperienceHost.exe      15260 Console                    1     51,304 K
RuntimeBroker.exe            22888 Console                    1     20,400 K
LenovoVantage-(GenericMes     6216 Console                    1      9,308 K
Locator.exe                  22724 Services                   0      3,364 K
WmiApSrv.exe                 25380 Services                   0      7,668 K
LenovoVantage-(DeviceSett     5240 Console                    1      5,504 K
svchost.exe                  23544 Services                   0     18,704 K
cmd.exe                       6668 Console                    1      4,584 K
conhost.exe                  24712 Console                    1      8,056 K
OpenConsole.exe              22736 Console                    1     15,164 K
WindowsTerminal.exe          13628 Console                    1     49,608 K
RuntimeBroker.exe             2672 Console                    1     10,880 K
ubuntu.exe                   12964 Console                    1      8,476 K
conhost.exe                  12744 Console                    1      8,016 K
OpenConsole.exe              22792 Console                    1     12,000 K
wsl.exe                      22092 Console                    1      5,888 K
wsl.exe                       6524 Console                    1      9,788 K
vmwp.exe                     24320 Services                   0     20,236 K
vmmemWSL                     21096 Services                   0  1,244,876 K
dllhost.exe                   9248 Console                    1      9,888 K
dllhost.exe                  12540 Console                    1      9,144 K
wslrelay.exe                  6364 Console                    1      8,688 K
wslhost.exe                  14304 Console                    1      9,808 K
conhost.exe                  16608 Console                    1      7,972 K
wslhost.exe                  19524 Console                    1      9,556 K
conhost.exe                  17592 Console                    1      7,968 K
wslhost.exe                   4584 Console                    1      9,364 K
conhost.exe                  23664 Console                    1      7,920 K
chrome.exe                   19912 Console                    1    148,192 K
svchost.exe                  23980 Services                   0     14,084 K
WidgetService.exe             7228 Console                    1     19,148 K
com.docker.backend.exe       25124 Console                    1     48,600 K
conhost.exe                  16664 Console                    1      6,076 K
com.docker.backend.exe       10560 Console                    1    155,616 K
com.docker.dev-envs.exe      18656 Console                    1     10,980 K
com.docker.build.exe         12364 Console                    1     34,708 K
Docker Desktop.exe           23108 Console                    1    118,072 K
Docker Desktop.exe           23356 Console                    1    115,124 K
Docker Desktop.exe           23704 Console                    1     58,248 K
Docker Desktop.exe           22688 Console                    1    148,624 K
wsl.exe                      22200 Console                    1      6,300 K
wsl.exe                       3832 Console                    1     10,012 K
wslhost.exe                   1284 Console                    1      9,880 K
conhost.exe                  19288 Console                    1      7,960 K
wslhost.exe                  11088 Console                    1      9,472 K
wslhost.exe                  20732 Console                    1      9,380 K
conhost.exe                  15280 Console                    1      7,960 K
conhost.exe                  23836 Console                    1      7,956 K
wsl.exe                      23012 Console                    1      6,284 K
wsl.exe                      22360 Console                    1     10,004 K
wsl.exe                      10996 Console                    1      6,308 K
wslhost.exe                   2388 Console                    1      9,384 K
conhost.exe                  22708 Console                    1      7,952 K
wsl.exe                      15036 Console                    1      9,960 K
wslhost.exe                  25348 Console                    1      9,396 K
conhost.exe                  24924 Console                    1      7,936 K
wsl.exe                       8692 Console                    1      6,308 K
wsl.exe                      15604 Console                    1     10,020 K
wslhost.exe                   7184 Console                    1      9,368 K
conhost.exe                  23568 Console                    1      7,972 K
chrome.exe                   12152 Console                    1     93,396 K
chrome.exe                    2188 Console                    1     21,936 K
chrome.exe                   23376 Console                    1     42,212 K
dllhost.exe                  24252 Console                    1      9,016 K
AdobeCollabSync.exe          23732 Console                    1      4,012 K
AdobeCollabSync.exe           3640 Console                    1      7,836 K
conhost.exe                  23352 Console                    1      7,140 K
powershell.exe               13216 Console                    1     62,636 K
chrome.exe                   30168 Console                    1    194,928 K
chrome.exe                   31284 Console                    1     76,008 K
chrome.exe                   33812 Console                    1     71,364 K
chrome.exe                   43824 Console                    1    109,356 K
svchost.exe                  56836 Services                   0     10,560 K
Telegram.exe                238404 Console                    1    230,380 K
WINWORD.EXE                 239536 Console                    1    255,984 K
LockApp.exe                 247996 Console                    1     62,568 K
RuntimeBroker.exe           249300 Console                    1     40,500 K
chrome.exe                  122696 Console                    1     75,840 K
chrome.exe                  136768 Console                    1    239,040 K
chrome.exe                   98360 Console                    1    106,032 K
rsDNSResolver.exe           187820 Services                   0     20,072 K
Code.exe                    208172 Console                    1    128,144 K
Code.exe                    219912 Console                    1     26,732 K
Code.exe                    207388 Console                    1    110,380 K
Code.exe                    217268 Console                    1     42,344 K
Code.exe                    191892 Console                    1    231,476 K
Code.exe                    192472 Console                    1    101,396 K
Code.exe                    204676 Console                    1     73,348 K
Code.exe                    194292 Console                    1    120,660 K
Code.exe                    197560 Console                    1     47,168 K
xampp-control.exe            10712 Console                    1     27,208 K
Code.exe                     60552 Console                    1     72,692 K
Code.exe                     52184 Console                    1     41,376 K
Code.exe                     55724 Console                    1     51,140 K
chrome.exe                  129156 Console                    1    109,224 K
dllhost.exe                 159000 Console                    1     19,360 K
pet.exe                     173484 Console                    1      6,300 K
conhost.exe                 211928 Console                    1      6,184 K
Code.exe                    206064 Console                    1     62,948 K
conhost.exe                 185744 Console                    1      6,368 K
powershell.exe              200360 Console                    1     54,424 K
Code.exe                    199068 Console                    1     58,424 K
conhost.exe                 183856 Console                    1      6,372 K
powershell.exe              193080 Console                    1     59,528 K
conhost.exe                  56372 Console                    1      6,700 K
powershell.exe              142820 Console                    1     53,924 K
chrome.exe                   28996 Console                    1     73,576 K
chrome.exe                   99708 Console                    1    194,456 K
chrome.exe                  154656 Console                    1     60,944 K
conhost.exe                  68588 Console                    1      6,556 K
powershell.exe               90072 Console                    1     50,272 K
Postman Agent.exe           114576 Console                    1     49,348 K
Postman Agent.exe           106660 Console                    1     54,816 K
Postman Agent.exe            68988 Console                    1     42,372 K
Postman.exe                  80444 Console                    1    101,844 K
Postman.exe                 108964 Console                    1     28,168 K
Postman.exe                 113972 Console                    1     76,720 K
Postman.exe                 122260 Console                    1     49,360 K
Postman.exe                 113668 Console                    1    210,984 K
Postman.exe                  74840 Console                    1     89,576 K
Postman.exe                 118112 Console                    1     89,608 K
conhost.exe                 245008 Console                    1      7,056 K
powershell.exe              190212 Console                    1     51,912 K
docker-compose.exe          247628 Console                    1     38,752 K
Microsoft.SharePoint.exe    161256 Console                    1     17,392 K
EXCEL.EXE                    67100 Console                    1    111,800 K
splwow64.exe                 84332 Console                    1     17,396 K
EXCEL.EXE                   107428 Console                    1    105,544 K
RuntimeBroker.exe            78076 Console                    1     10,240 K
backgroundTaskHost.exe      113596 Console                    1      1,656 K
docker.exe                   26692 Console                    1     20,536 K
conhost.exe                  20884 Console                    1     10,944 K
docker-compose.exe          223140 Console                    1     35,020 K
idea64.exe                  173144 Console                    1  2,809,136 K
fsnotifier.exe              163364 Console                    1      3,216 K
conhost.exe                 208268 Console                    1     10,836 K
wsl.exe                      29572 Console                    1      6,420 K
conhost.exe                 169868 Console                    1     10,960 K
wsl.exe                     211008 Console                    1     10,464 K
wslhost.exe                  75520 Console                    1      9,736 K
conhost.exe                 227364 Console                    1     13,064 K
svchost.exe                 233688 Services                   0     10,804 K
chrome.exe                  173140 Console                    1    405,160 K
msrdc.exe                   233700 Console                    1     50,020 K
msrdc.exe                   180872 Console                    1     49,896 K
svchost.exe                  32944 Services                   0     30,176 K
svchost.exe                 151376 Services                   0      8,608 K
svchost.exe                 242260 Services                   0      7,800 K
LenovoVantage-(GenericTel    35036 Services                   0     46,472 K
taskhostw.exe               242136 Console                    1     28,936 K
chrome.exe                  245664 Console                    1     65,052 K
SearchHost.exe                7476 Console                    1    108,596 K
chrome.exe                   55452 Console                    1     70,156 K
chrome.exe                   44888 Console                    1     90,008 K
Lenovo.Modern.ImControlle    51508 Services                   0     41,608 K
Lenovo.Modern.ImControlle    38088 Console                    1     66,400 K
OpenConsole.exe              45728 Console                    1      9,844 K
powershell.exe              154504 Console                    1     73,492 K
WmiPrvSE.exe                 73964 Services                   0     10,472 K
RuntimeBroker.exe            95628 Console                    1     24,084 K
chrome.exe                   44496 Console                    1     59,760 K
chrome.exe                  239876 Console                    1     34,864 K
backgroundTaskHost.exe      196436 Console                    1     30,812 K
RuntimeBroker.exe            60356 Console                    1     31,244 K
svchost.exe                  89884 Services                   0     27,696 K
java.exe                     67636 Console                    1    114,904 K
chrome.exe                   38768 Console                    1     44,968 K
java.exe                     72168 Console                    1     42,596 K
conhost.exe                 196396 Console                    1     10,924 K
conhost.exe                  26140 Console                    1     10,908 K
sppsvc.exe                   72488 Services                   0     13,352 K
tasklist.exe                 53348 Console                    1      8,936 K
conhost.exe                  52324 Console                    1     10,800 K
